<?xml version="1.0" encoding="UTF-8"?>
<!-- Generated by org.testng.reporters.JUnitXMLReporter -->
<testsuite ignored="2" hostname="Devil" failures="0" tests="4" name="Default test" time="25.567" errors="0" timestamp="2022-12-03T11:44:20 IST">
  <testcase classname="automationScripts.AmazonFeatureTests" name="verifyTitleOfThePage" time="0.023"/>
  <testcase classname="automationScripts.AmazonFeatureTests" name="searchProduct" time="7.753"/>
  <testcase classname="automationScripts.AmazonFeatureTests" name="getNthProduct" time="0.074"/>
  <testcase classname="automationScripts.AmazonFeatureTests" name="getAllProductsViaScrollDownUsingJS" time="5.438"/>
  <testcase classname="automationScripts.AmazonFeatureTests" name="searchAllProductsViaScrollDown" time="0.0">
    <ignored/>
  </testcase> <!-- searchAllProductsViaScrollDown -->
  <testcase classname="automationScripts.AmazonFeatureTests" name="getAllProducts" time="0.0">
    <ignored/>
  </testcase> <!-- getAllProducts -->
</testsuite> <!-- Default test -->
